{
  "RSpec": {
    "coverage": {
      "C:/Users/tuukka/Documents/ratebeer/spec/support/helpers/own_test_helper.rb": [
        1,
        null,
        1,
        0,
        0,
        0,
        0,
        0,
        null,
        null,
        1,
        0,
        0,
        null,
        null,
        null,
        1,
        0,
        0,
        0,
        null,
        null
      ],
      "C:/Users/tuukka/Documents/ratebeer/lib/beermapping_api.rb": [
        1,
        null,
        1,
        5,
        8,
        null,
        null,
        null,
        1,
        null,
        1,
        3,
        3,
        3,
        null,
        3,
        null,
        2,
        2,
        8,
        null,
        null,
        null
      ],
      "C:/Users/tuukka/Documents/ratebeer/app/models/place.rb": [
        1,
        1,
        null,
        1,
        null,
        1,
        0,
        null,
        null
      ]
    },
    "timestamp": 1392244157
  }
}
